build/outputs/logs/manifest-merger-debug-report.txt
-- Merging decision tree log ---
manifest
ADDED from Downloads\Example_NovaTheme-master\AndroidManifest.xml:2:1-16:12
	package
		ADDED from Downloads\Example_NovaTheme-master\AndroidManifest.xml:3:7-38
	android:versionName
		ADDED from Downloads\Example_NovaTheme-master\AndroidManifest.xml:5:7-32
		INJECTED from Downloads\Example_NovaTheme-master\AndroidManifest.xml
		INJECTED from Downloads\Example_NovaTheme-master\AndroidManifest.xml
	android:versionCode
		ADDED from Downloads\Example_NovaTheme-master\AndroidManifest.xml:4:7-30
		INJECTED from Downloads\Example_NovaTheme-master\AndroidManifest.xml
		INJECTED from Downloads\Example_NovaTheme-master\AndroidManifest.xml
	xmlns:android
		ADDED from Downloads\Example_NovaTheme-master\AndroidManifest.xml:2:11-69
application
ADDED from Downloads\Example_NovaTheme-master\AndroidManifest.xml:6:5-15:19
	android:label
		ADDED from Downloads\Example_NovaTheme-master\AndroidManifest.xml:6:18-50
	android:icon
		ADDED from Downloads\Example_NovaTheme-master\AndroidManifest.xml:6:51-84
activity#com.example.novatheme.MainActivity
ADDED from Downloads\Example_NovaTheme-master\AndroidManifest.xml:7:9-14:20
	android:theme
		ADDED from Downloads\Example_NovaTheme-master\AndroidManifest.xml:8:17-64
	android:name
		ADDED from Downloads\Example_NovaTheme-master\AndroidManifest.xml:7:19-47
intent-filter#android.intent.action.MAIN+android.intent.category.LAUNCHER+com.novalauncher.THEME
ADDED from Downloads\Example_NovaTheme-master\AndroidManifest.xml:9:13-13:29
action#android.intent.action.MAIN
ADDED from Downloads\Example_NovaTheme-master\AndroidManifest.xml:10:17-69
	android:name
		ADDED from Downloads\Example_NovaTheme-master\AndroidManifest.xml:10:25-66
category#android.intent.category.LAUNCHER
ADDED from Downloads\Example_NovaTheme-master\AndroidManifest.xml:11:17-77
	android:name
		ADDED from Downloads\Example_NovaTheme-master\AndroidManifest.xml:11:27-74
action#com.novalauncher.THEME
ADDED from Downloads\Example_NovaTheme-master\AndroidManifest.xml:12:17-65
	android:name
		ADDED from Downloads\Example_NovaTheme-master\AndroidManifest.xml:12:25-62
uses-sdk
INJECTED from Downloads\Example_NovaTheme-master\AndroidManifest.xml reason: use-sdk injection requested
	android:targetSdkVersion
		INJECTED from Downloads\Example_NovaTheme-master\AndroidManifest.xml
		INJECTED from Downloads\Example_NovaTheme-master\AndroidManifest.xml
	android:minSdkVersion
		INJECTED from Downloads\Example_NovaTheme-master\AndroidManifest.xml
		INJECTED from Downloads\Example_NovaTheme-master\AndroidManifest.xml